<?xml version="1.0" encoding="UTF-8"?>
<testsuites name="Mobile Test" time="115.448" tests="3" failures="0" errors="0">
   <testsuite name="Mobile Test" tests="3" failures="0" errors="0" time="115.448" skipped="0" timestamp="27-02-2024T21:57:28" hostname="tegar - host.docker.internal" id="Test Suites/Mobile Test">
      <properties>
         <property name="deviceName" value="Xiaomi M2007J3SY (Android 12)"/>
         <property name="devicePlatform" value=""/>
         <property name="logFolder" value="C:\\Users\\tegar\\Desktop\\New folder (2)\\Final Project 3\\Reports\\20240227_215713\\Mobile Test\\20240227_215713"/>
         <property name="logFiles" value="C:\\Users\\tegar\\Desktop\\New folder (2)\\Final Project 3\\Reports\\20240227_215713\\Mobile Test\\20240227_215713\\appium.log, C:\\Users\\tegar\\Desktop\\New folder (2)\\Final Project 3\\Reports\\20240227_215713\\Mobile Test\\20240227_215713\\appium_error.log, C:\\Users\\tegar\\Desktop\\New folder (2)\\Final Project 3\\Reports\\20240227_215713\\Mobile Test\\20240227_215713\\execution0.log"/>
         <property name="attachments" value=""/>
         <property name="hostName" value="tegar - host.docker.internal"/>
         <property name="os" value="Windows 10 64bit"/>
         <property name="appiumServerStatus" value="{&quot;value&quot;:{&quot;ready&quot;:true,&quot;message&quot;:&quot;The server is ready to accept new connections&quot;,&quot;build&quot;:{&quot;version&quot;:&quot;2.5.1&quot;}}}"/>
         <property name="katalonVersion" value="9.3.0.212"/>
         <property name="deviceOS" value="Android"/>
         <property name="appiumVersion" value="2.5.1"/>
         <property name="deviceModel" value="M2007J3SY"/>
         <property name="hostAddress" value="192.168.18.26"/>
         <property name="deviceManufacturer" value="Xiaomi"/>
         <property name="deviceId" value="e32f9cae"/>
         <property name="deviceName" value="Xiaomi M2007J3SY (Android 12)"/>
         <property name="deviceOSVersion" value="12"/>
      </properties>
      <testcase name="Test Cases/Mobile Test/Login" time="71.247" classname="Test Cases/Mobile Test/Login" status="PASSED">
         <system-out><![CDATA[27-02-2024T21:57:28 - [TEST_CASE][PASSED] - Test Cases/Mobile Test/Login: Test Cases/Mobile Test/Login

27-02-2024T21:57:29 - [TEST_STEP][PASSED] - startApplication("C:\Users\tegar\Downloads\Shopee 3.3 Grand Fashion Sale_3.20.10_Apkpure.apk", true): Started app at: 'C:\Users\tegar\Downloads\Shopee 3.3 Grand Fashion Sale_3.20.10_Apkpure.apk'

27-02-2024T21:57:30 - [MESSAGE][INFO] - Detected NodeJS location: "C:\Program Files\nodejs\node.exe"

27-02-2024T21:57:35 - [MESSAGE][INFO] - PATH: C:\Program Files\nodejs;

27-02-2024T21:57:35 - [MESSAGE][INFO] - APPIUM_HOME: C:\Users\tegar\.appium

27-02-2024T21:57:35 - [MESSAGE][INFO] - appium outlog: C:\Users\tegar\Desktop\New folder (2)\Final Project 3\Reports\20240227_215713\Mobile Test\20240227_215713\appium.log

27-02-2024T21:57:35 - [MESSAGE][INFO] - appium errlog: C:\Users\tegar\Desktop\New folder (2)\Final Project 3\Reports\20240227_215713\Mobile Test\20240227_215713\appium_error.log

27-02-2024T21:57:40 - [MESSAGE][INFO] - Appium server started on port 52,237

27-02-2024T21:58:20 - [MESSAGE][PASSED] - Started app at: 'C:\Users\tegar\Downloads\Shopee 3.3 Grand Fashion Sale_3.20.10_Apkpure.apk'

27-02-2024T21:58:20 - [TEST_STEP][PASSED] - tap(findTestObject("Object Repository/Element_Mobile/Login/android.widget.Button - MULAI"), 0): Tapped on element 'Object Repository/Element_Mobile/Login/android.widget.Button - MULAI'

27-02-2024T21:58:20 - [MESSAGE][WARNING] - Timeout '0' is invalid. Using default page load timeout: '30'

27-02-2024T21:58:22 - [MESSAGE][PASSED] - Tapped on element 'Object Repository/Element_Mobile/Login/android.widget.Button - MULAI'

27-02-2024T21:58:22 - [TEST_STEP][PASSED] - tap(findTestObject("Object Repository/Element_Mobile/Login/android.widget.ImageView"), 0): Tapped on element 'Object Repository/Element_Mobile/Login/android.widget.ImageView'

27-02-2024T21:58:22 - [MESSAGE][WARNING] - Timeout '0' is invalid. Using default page load timeout: '30'

27-02-2024T21:58:28 - [MESSAGE][PASSED] - Tapped on element 'Object Repository/Element_Mobile/Login/android.widget.ImageView'

27-02-2024T21:58:28 - [TEST_STEP][PASSED] - tap(findTestObject("Object Repository/Element_Mobile/Login/android.view.ViewGroup"), 0): Tapped on element 'Object Repository/Element_Mobile/Login/android.view.ViewGroup'

27-02-2024T21:58:28 - [MESSAGE][WARNING] - Timeout '0' is invalid. Using default page load timeout: '30'

27-02-2024T21:58:29 - [MESSAGE][PASSED] - Tapped on element 'Object Repository/Element_Mobile/Login/android.view.ViewGroup'

27-02-2024T21:58:29 - [TEST_STEP][PASSED] - setText(findTestObject("Object Repository/Element_Mobile/Login/android.widget.EditText - No. HandphoneEmailUsername"), "tegarpandji51@gmail.com", 0): Text 'tegarpandji51@gmail.com' has been set to element 'Object Repository/Element_Mobile/Login/android.widget.EditText - No. HandphoneEmailUsername'

27-02-2024T21:58:30 - [MESSAGE][WARNING] - Timeout '0' is invalid. Using default page load timeout: '30'

27-02-2024T21:58:33 - [MESSAGE][PASSED] - Text 'tegarpandji51@gmail.com' has been set to element 'Object Repository/Element_Mobile/Login/android.widget.EditText - No. HandphoneEmailUsername'

27-02-2024T21:58:33 - [TEST_STEP][PASSED] - tap(findTestObject("Object Repository/Element_Mobile/Login/android.widget.EditText - Password"), 0): Tapped on element 'Object Repository/Element_Mobile/Login/android.widget.EditText - Password'

27-02-2024T21:58:33 - [MESSAGE][WARNING] - Timeout '0' is invalid. Using default page load timeout: '30'

27-02-2024T21:58:34 - [MESSAGE][PASSED] - Tapped on element 'Object Repository/Element_Mobile/Login/android.widget.EditText - Password'

27-02-2024T21:58:34 - [TEST_STEP][PASSED] - setText(findTestObject("Object Repository/Element_Mobile/Login/android.widget.EditText - Password"), "Tegarasmoro5123", 0): Text 'Tegarasmoro5123' has been set to element 'Object Repository/Element_Mobile/Login/android.widget.EditText - Password'

27-02-2024T21:58:35 - [MESSAGE][WARNING] - Timeout '0' is invalid. Using default page load timeout: '30'

27-02-2024T21:58:37 - [MESSAGE][PASSED] - Text 'Tegarasmoro5123' has been set to element 'Object Repository/Element_Mobile/Login/android.widget.EditText - Password'

27-02-2024T21:58:37 - [TEST_STEP][PASSED] - tap(findTestObject("Object Repository/Element_Mobile/Login/android.widget.TextView - Log In"), 0): Tapped on element 'Object Repository/Element_Mobile/Login/android.widget.TextView - Log In'

27-02-2024T21:58:37 - [MESSAGE][WARNING] - Timeout '0' is invalid. Using default page load timeout: '30'

27-02-2024T21:58:39 - [MESSAGE][PASSED] - Tapped on element 'Object Repository/Element_Mobile/Login/android.widget.TextView - Log In'

27-02-2024T21:58:39 - [TEST_STEP][PASSED] - tap(findTestObject("Object Repository/Element_Mobile/Login/android.widget.TextView - Atur Nanti"), 0): Tapped on element 'Object Repository/Element_Mobile/Login/android.widget.TextView - Atur Nanti'

27-02-2024T21:58:39 - [MESSAGE][WARNING] - Timeout '0' is invalid. Using default page load timeout: '30'

27-02-2024T21:58:40 - [MESSAGE][PASSED] - Tapped on element 'Object Repository/Element_Mobile/Login/android.widget.TextView - Atur Nanti']]></system-out>
         <system-err><![CDATA[]]></system-err>
      </testcase>
      <testcase name="Test Cases/Mobile Test/Home" time="28.448" classname="Test Cases/Mobile Test/Home" status="PASSED">
         <system-out><![CDATA[27-02-2024T21:58:40 - [TEST_CASE][PASSED] - Test Cases/Mobile Test/Home: Test Cases/Mobile Test/Home

27-02-2024T21:58:40 - [TEST_STEP][PASSED] - tap(findTestObject("Object Repository/Element_Mobile/android.widget.FrameLayout (1)"), 0): Tapped on element 'Object Repository/Element_Mobile/android.widget.FrameLayout (1)'

27-02-2024T21:58:40 - [MESSAGE][WARNING] - Timeout '0' is invalid. Using default page load timeout: '30'

27-02-2024T21:58:44 - [MESSAGE][PASSED] - Tapped on element 'Object Repository/Element_Mobile/android.widget.FrameLayout (1)'

27-02-2024T21:58:44 - [TEST_STEP][PASSED] - tap(findTestObject("Object Repository/Element_Mobile/android.widget.TextView - Box Container"), 0): Tapped on element 'Object Repository/Element_Mobile/android.widget.TextView - Box Container'

27-02-2024T21:58:44 - [MESSAGE][WARNING] - Timeout '0' is invalid. Using default page load timeout: '30'

27-02-2024T21:58:57 - [MESSAGE][PASSED] - Tapped on element 'Object Repository/Element_Mobile/android.widget.TextView - Box Container'

27-02-2024T21:58:57 - [TEST_STEP][PASSED] - setText(findTestObject("Object Repository/Element_Mobile/android.widget.EditText"), "Megazord", 0): Text 'Megazord' has been set to element 'Object Repository/Element_Mobile/android.widget.EditText'

27-02-2024T21:58:57 - [MESSAGE][WARNING] - Timeout '0' is invalid. Using default page load timeout: '30'

27-02-2024T21:59:01 - [MESSAGE][PASSED] - Text 'Megazord' has been set to element 'Object Repository/Element_Mobile/android.widget.EditText'

27-02-2024T21:59:01 - [TEST_STEP][PASSED] - tap(findTestObject("Object Repository/Element_Mobile/android.view.ViewGroup (1)"), 0): Tapped on element 'Object Repository/Element_Mobile/android.view.ViewGroup (1)'

27-02-2024T21:59:01 - [MESSAGE][WARNING] - Timeout '0' is invalid. Using default page load timeout: '30'

27-02-2024T21:59:02 - [MESSAGE][PASSED] - Tapped on element 'Object Repository/Element_Mobile/android.view.ViewGroup (1)'

27-02-2024T21:59:02 - [TEST_STEP][PASSED] - tap(findTestObject("Object Repository/Element_Mobile/android.widget.TextView - Megazord Part - Abaranger, Ninja Steel, Folcon"), 0): Tapped on element 'Object Repository/Element_Mobile/android.widget.TextView - Megazord Part - Abaranger, Ninja Steel, Folcon'

27-02-2024T21:59:02 - [MESSAGE][WARNING] - Timeout '0' is invalid. Using default page load timeout: '30'

27-02-2024T21:59:04 - [MESSAGE][PASSED] - Tapped on element 'Object Repository/Element_Mobile/android.widget.TextView - Megazord Part - Abaranger, Ninja Steel, Folcon'

27-02-2024T21:59:04 - [TEST_STEP][PASSED] - tap(findTestObject("Object Repository/Element_Mobile/android.view.ViewGroup (2)"), 0): Tapped on element 'Object Repository/Element_Mobile/android.view.ViewGroup (2)'

27-02-2024T21:59:04 - [MESSAGE][WARNING] - Timeout '0' is invalid. Using default page load timeout: '30'

27-02-2024T21:59:08 - [MESSAGE][PASSED] - Tapped on element 'Object Repository/Element_Mobile/android.view.ViewGroup (2)']]></system-out>
         <system-err><![CDATA[]]></system-err>
      </testcase>
      <testcase name="Test Cases/Mobile Test/Checkout" time="15.285" classname="Test Cases/Mobile Test/Checkout" status="PASSED">
         <system-out><![CDATA[27-02-2024T21:59:08 - [TEST_CASE][PASSED] - Test Cases/Mobile Test/Checkout: Test Cases/Mobile Test/Checkout

27-02-2024T21:59:08 - [TEST_STEP][PASSED] - comment("checkout"): checkout

27-02-2024T21:59:08 - [MESSAGE][INFO] - checkout

27-02-2024T21:59:08 - [TEST_STEP][PASSED] - tap(findTestObject("Object Repository/Element_Mobile/android.view.ViewGroup (3)"), 0): Tapped on element 'Object Repository/Element_Mobile/android.view.ViewGroup (3)'

27-02-2024T21:59:09 - [MESSAGE][WARNING] - Timeout '0' is invalid. Using default page load timeout: '30'

27-02-2024T21:59:10 - [MESSAGE][PASSED] - Tapped on element 'Object Repository/Element_Mobile/android.view.ViewGroup (3)'

27-02-2024T21:59:10 - [TEST_STEP][PASSED] - tap(findTestObject("Object Repository/Element_Mobile/android.view.ViewGroup (4)"), 0): Tapped on element 'Object Repository/Element_Mobile/android.view.ViewGroup (4)'

27-02-2024T21:59:10 - [MESSAGE][WARNING] - Timeout '0' is invalid. Using default page load timeout: '30'

27-02-2024T21:59:12 - [MESSAGE][PASSED] - Tapped on element 'Object Repository/Element_Mobile/android.view.ViewGroup (4)'

27-02-2024T21:59:12 - [TEST_STEP][PASSED] - tap(findTestObject("Object Repository/Element_Mobile/android.view.ViewGroup (7)"), 0): Tapped on element 'Object Repository/Element_Mobile/android.view.ViewGroup (7)'

27-02-2024T21:59:12 - [MESSAGE][WARNING] - Timeout '0' is invalid. Using default page load timeout: '30'

27-02-2024T21:59:14 - [MESSAGE][PASSED] - Tapped on element 'Object Repository/Element_Mobile/android.view.ViewGroup (7)'

27-02-2024T21:59:14 - [TEST_STEP][PASSED] - tap(findTestObject("Object Repository/Element_Mobile/android.widget.ImageView (1)"), 0): Tapped on element 'Object Repository/Element_Mobile/android.widget.ImageView (1)'

27-02-2024T21:59:15 - [MESSAGE][WARNING] - Timeout '0' is invalid. Using default page load timeout: '30'

27-02-2024T21:59:18 - [MESSAGE][PASSED] - Tapped on element 'Object Repository/Element_Mobile/android.widget.ImageView (1)'

27-02-2024T21:59:18 - [TEST_STEP][PASSED] - tap(findTestObject("Object Repository/Element_Mobile/android.view.ViewGroup (1) (1)"), 0): Tapped on element 'Object Repository/Element_Mobile/android.view.ViewGroup (1) (1)'

27-02-2024T21:59:18 - [MESSAGE][WARNING] - Timeout '0' is invalid. Using default page load timeout: '30'

27-02-2024T21:59:20 - [MESSAGE][PASSED] - Tapped on element 'Object Repository/Element_Mobile/android.view.ViewGroup (1) (1)'

27-02-2024T21:59:20 - [TEST_STEP][PASSED] - closeApplication(): Close app successfully

27-02-2024T21:59:23 - [MESSAGE][PASSED] - Close app successfully]]></system-out>
         <system-err><![CDATA[]]></system-err>
      </testcase>
      <system-out><![CDATA[27-02-2024T21:57:28 - [TEST_SUITE][PASSED] - Mobile Test: Test Cases/Mobile Test/Checkout]]></system-out>
      <system-err><![CDATA[]]></system-err>
   </testsuite>
</testsuites>
